
2025-09-07 10:13:30,597 - INFO - Starting test: Login is attempting
2025-09-07 10:13:31,782 - INFO - Successfully logged in
2025-09-10 07:15:04,955 - INFO - Logged in successfully
2025-09-10 07:15:05,316 - INFO - Navigated to appointment
2025-09-10 07:15:11,389 - INFO - Appointment was created successfully
2025-09-10 07:15:13,961 - INFO - patient search is working
2025-09-10 08:18:52,772 - INFO - Logged in successfully
2025-09-10 08:18:55,332 - INFO - Navigated to appointment
2025-09-10 08:19:45,420 - INFO - Logged in successfully
2025-09-10 08:19:45,450 - INFO - Navigated to appointment
2025-09-10 08:21:41,400 - INFO - Logged in successfully
2025-09-10 08:21:44,006 - INFO - Navigated to appointment
2025-09-10 08:23:37,777 - INFO - Logged in successfully
2025-09-10 08:23:40,388 - INFO - Navigated to appointment
2025-09-10 08:27:05,517 - INFO - Logged in successfully
2025-09-10 08:27:08,053 - INFO - Navigated to appointment
2025-09-10 08:33:19,197 - INFO - Logged in successfully
2025-09-10 08:33:21,885 - INFO - Navigated to appointment
2025-09-10 08:37:43,697 - INFO - Logged in successfully
2025-09-10 08:37:46,391 - INFO - Navigated to appointment
2025-09-10 08:40:26,031 - INFO - Logged in successfully
2025-09-10 08:40:29,085 - INFO - Navigated to appointment
2025-09-19 12:12:27,360 - INFO - Starting test: Login is attempting
2025-09-19 12:12:34,873 - INFO - Successfully logged in
2025-09-28 09:45:11,983 - INFO - Starting test: Login is attempting
2025-09-28 09:45:15,828 - INFO - Successfully logged in
2025-09-28 09:45:20,841 - INFO - Logged in successfully
2025-09-28 09:45:24,458 - INFO - Navigated to appointment
2025-09-29 07:11:01,871 - INFO - Logged in successfully
2025-09-29 07:12:19,933 - INFO - Logged in successfully
2025-09-29 07:13:24,984 - INFO - Logged in successfully
2025-09-29 07:18:16,653 - INFO - Logged in successfully
2025-09-29 07:23:38,479 - INFO - Logged in successfully
2025-09-29 07:23:41,254 - INFO - Navigated to appointment
2025-09-29 07:24:51,059 - INFO - Logged in successfully
2025-09-29 07:24:53,347 - INFO - Navigated to appointment
2025-09-29 07:25:41,066 - INFO - Logged in successfully
2025-09-29 07:25:43,509 - INFO - Navigated to appointment
2025-09-29 07:27:28,170 - INFO - Logged in successfully
2025-09-29 07:27:31,849 - INFO - Navigated to appointment
2025-10-15 08:13:38,444 - INFO - Starting test: Login is attempting
2025-10-15 08:13:43,418 - INFO - Successfully logged in
2025-10-15 08:13:50,301 - INFO - Logged in successfully
2025-10-15 08:13:50,958 - INFO - Navigated to appointment
2025-10-21 08:05:06,955 - INFO - Logged in successfully
2025-10-21 08:05:09,505 - INFO - Navigated to appointment
2025-10-21 08:05:24,303 - INFO - Starting test: Login is attempting
2025-10-21 08:05:25,529 - INFO - Successfully logged in
2025-10-21 08:07:39,377 - INFO - Starting test: Login is attempting
2025-10-21 08:07:40,563 - INFO - Successfully logged in
2025-10-21 08:07:44,625 - INFO - Logged in successfully
2025-10-21 08:07:47,339 - INFO - Navigated to appointment
2025-10-21 08:21:45,598 - INFO - Starting test: Login is attempting
2025-10-21 08:21:49,029 - INFO - Successfully logged in
2025-10-21 08:21:54,778 - INFO - Logged in successfully
2025-10-21 08:21:55,369 - INFO - Navigated to appointment
2025-10-21 08:41:44,435 - INFO - Starting test: Login is attempting
2025-10-21 08:41:45,663 - INFO - Successfully logged in
2025-10-21 08:41:49,167 - INFO - Logged in successfully
2025-10-21 08:41:51,440 - INFO - Navigated to appointment
2025-10-21 08:46:00,785 - INFO - Starting test: Login is attempting
2025-10-21 08:46:04,505 - INFO - Successfully logged in
2025-10-21 08:46:08,241 - INFO - Logged in successfully
2025-10-21 08:46:10,330 - INFO - Navigated to appointment
2025-10-21 08:49:29,519 - INFO - Logged in successfully
2025-10-21 08:49:31,750 - INFO - Navigated to appointment
2025-10-21 08:51:57,446 - INFO - Logged in successfully
2025-10-21 08:51:57,477 - INFO - Navigated to appointment
